<?xml version="1.0" encoding="UTF-8"?>
<testng-results ignored="0" total="4" passed="3" failed="1" skipped="0">
  <reporter-output>
  </reporter-output>
  <suite started-at="2022-02-02T14:30:04 IST" name="Default suite" finished-at="2022-02-02T14:32:00 IST" duration-ms="116003">
    <groups>
    </groups>
    <test started-at="2022-02-02T14:30:04 IST" name="Default test" finished-at="2022-02-02T14:32:00 IST" duration-ms="116003">
      <class name="testScript.TC_002Test">
        <test-method signature="zomato()[pri:0, instance:testScript.TC_002Test@46fa7c39]" started-at="2022-02-02T14:30:04 IST" name="zomato" finished-at="2022-02-02T14:30:47 IST" duration-ms="43000" status="PASS">
          <reporter-output>
          </reporter-output>
        </test-method> <!-- zomato -->
      </class> <!-- testScript.TC_002Test -->
      <class name="testScript.TC_001Test">
        <test-method signature="swiggy()[pri:0, instance:testScript.TC_001Test@1fb700ee]" started-at="2022-02-02T14:30:47 IST" name="swiggy" finished-at="2022-02-02T14:31:11 IST" duration-ms="23796" status="PASS">
          <reporter-output>
          </reporter-output>
        </test-method> <!-- swiggy -->
      </class> <!-- testScript.TC_001Test -->
      <class name="testScript.TC_003Test">
        <test-method signature="uberEats()[pri:0, instance:testScript.TC_003Test@4f67eb2a]" started-at="2022-02-02T14:31:11 IST" name="uberEats" finished-at="2022-02-02T14:31:11 IST" duration-ms="6" status="FAIL">
          <exception class="java.lang.IllegalStateException">
            <message>
              <![CDATA[The driver executable does not exist: /Users/ajaysivadas/eclipse-workspace/elfCollabera/Users/ajaysivadas/Downloads/Selenium Files/chromedriver]]>
            </message>
            <full-stacktrace>
              <![CDATA[java.lang.IllegalStateException: The driver executable does not exist: /Users/ajaysivadas/eclipse-workspace/elfCollabera/Users/ajaysivadas/Downloads/Selenium Files/chromedriver
at com.google.common.base.Preconditions.checkState(Preconditions.java:585)
at org.openqa.selenium.remote.service.DriverService.checkExecutable(DriverService.java:146)
at org.openqa.selenium.remote.service.DriverService.findExecutable(DriverService.java:141)
at org.openqa.selenium.chrome.ChromeDriverService.access$000(ChromeDriverService.java:35)
at org.openqa.selenium.chrome.ChromeDriverService$Builder.findDefaultExecutable(ChromeDriverService.java:159)
at org.openqa.selenium.remote.service.DriverService$Builder.build(DriverService.java:355)
at org.openqa.selenium.chrome.ChromeDriverService.createDefaultService(ChromeDriverService.java:94)
at org.openqa.selenium.chrome.ChromeDriver.<init>(ChromeDriver.java:123)
at testScript.TC_003Test.uberEats(TC_003Test.java:15)
at java.base/jdk.internal.reflect.NativeMethodAccessorImpl.invoke0(Native Method)
at java.base/jdk.internal.reflect.NativeMethodAccessorImpl.invoke(NativeMethodAccessorImpl.java:77)
at java.base/jdk.internal.reflect.DelegatingMethodAccessorImpl.invoke(DelegatingMethodAccessorImpl.java:43)
at java.base/java.lang.reflect.Method.invoke(Method.java:568)
at org.testng.internal.MethodInvocationHelper.invokeMethod(MethodInvocationHelper.java:132)
at org.testng.internal.TestInvoker.invokeMethod(TestInvoker.java:599)
at org.testng.internal.TestInvoker.invokeTestMethod(TestInvoker.java:174)
at org.testng.internal.MethodRunner.runInSequence(MethodRunner.java:46)
at org.testng.internal.TestInvoker$MethodInvocationAgent.invoke(TestInvoker.java:822)
at org.testng.internal.TestInvoker.invokeTestMethods(TestInvoker.java:147)
at org.testng.internal.TestMethodWorker.invokeTestMethods(TestMethodWorker.java:146)
at org.testng.internal.TestMethodWorker.run(TestMethodWorker.java:128)
at java.base/java.util.ArrayList.forEach(ArrayList.java:1511)
at org.testng.TestRunner.privateRun(TestRunner.java:764)
at org.testng.TestRunner.run(TestRunner.java:585)
at org.testng.SuiteRunner.runTest(SuiteRunner.java:384)
at org.testng.SuiteRunner.runSequentially(SuiteRunner.java:378)
at org.testng.SuiteRunner.privateRun(SuiteRunner.java:337)
at org.testng.SuiteRunner.run(SuiteRunner.java:286)
at org.testng.SuiteRunnerWorker.runSuite(SuiteRunnerWorker.java:53)
at org.testng.SuiteRunnerWorker.run(SuiteRunnerWorker.java:96)
at org.testng.TestNG.runSuitesSequentially(TestNG.java:1218)
at org.testng.TestNG.runSuitesLocally(TestNG.java:1140)
at org.testng.TestNG.runSuites(TestNG.java:1069)
at org.testng.TestNG.run(TestNG.java:1037)
at org.testng.remote.AbstractRemoteTestNG.run(AbstractRemoteTestNG.java:115)
at org.testng.remote.RemoteTestNG.initAndRun(RemoteTestNG.java:251)
at org.testng.remote.RemoteTestNG.main(RemoteTestNG.java:77)
]]>
            </full-stacktrace>
          </exception> <!-- java.lang.IllegalStateException -->
          <reporter-output>
          </reporter-output>
        </test-method> <!-- uberEats -->
      </class> <!-- testScript.TC_003Test -->
      <class name="testScript.TC_004Test">
        <test-method signature="dominos()[pri:0, instance:testScript.TC_004Test@4a668b6e]" started-at="2022-02-02T14:31:11 IST" name="dominos" finished-at="2022-02-02T14:32:00 IST" duration-ms="49133" status="PASS">
          <reporter-output>
          </reporter-output>
        </test-method> <!-- dominos -->
      </class> <!-- testScript.TC_004Test -->
    </test> <!-- Default test -->
  </suite> <!-- Default suite -->
</testng-results>
